[WARN] Unsupported engine: wanted: {"node":">=26"} (current: {"node":"v22.22.1","pnpm":"11.6.0"})
$ wrangler dev --ip 127.0.0.1 --port 8787

 ⛅️ wrangler 4.99.0
───────────────────

Cloudflare collects anonymous telemetry about your usage of Wrangler. Learn more at https://github.com/cloudflare/workers-sdk/tree/main/packages/wrangler/telemetry.md
Your Worker has access to the following bindings:
Binding                                                               Resource                  Mode
env.SESSIONS (1ca113ac3c1b468aae36d0967f39a340)                       KV Namespace              local
env.DB (rowplay)                                                      D1 Database               local
env.ASSETS                                                            Assets                    local
env.CONCEPT2_CLIENT_ID ("")                                           Environment Variable      local
env.CONCEPT2_BASE_URL ("https://log.concept2.com")                    Environment Variable      local
env.PUBLIC_APP_URL ("https://rowplay.shenghaoc.workers.dev")          Environment Variable      local

⎔ Starting local server...
[wrangler:info] ✨ Parsed 2 valid header rules.
[wrangler:info] Ready on http://127.0.0.1:8787
[wrangler:info] GET /dashboard 200 OK (312ms)
[wrangler:info] GET /_app/immutable/assets/0.UqLRiuDI.css 200 OK (10ms)
[wrangler:info] GET /_app/immutable/assets/chartTheme.D78bemo_.css 200 OK (19ms)
[wrangler:info] GET /_app/immutable/assets/6.BWfNrhe1.css 200 OK (18ms)
[wrangler:info] GET /_app/immutable/entry/start.BnKO5hQg.js 200 OK (14ms)
[wrangler:info] GET /_app/immutable/chunks/O9WKKDAV.js 200 OK (13ms)
[wrangler:info] GET /_app/immutable/chunks/Fq2lQ-Jo.js 200 OK (12ms)
[wrangler:info] GET /_app/immutable/entry/app.XSmDHbtH.js 200 OK (14ms)
[wrangler:info] GET /_app/immutable/chunks/kNaey6uv.js 200 OK (14ms)
[wrangler:info] GET /_app/immutable/chunks/xihTtKlq.js 200 OK (14ms)
[wrangler:info] GET /_app/immutable/chunks/qR98qc_w.js 200 OK (31ms)
[wrangler:info] GET /_app/immutable/chunks/CyYbXO50.js 200 OK (32ms)
[wrangler:info] GET /_app/immutable/nodes/0.4tCHyzYX.js 200 OK (32ms)
[wrangler:info] GET /_app/immutable/chunks/nABZqTxC.js 200 OK (38ms)
[wrangler:info] GET /_app/immutable/chunks/DUs9vrYW.js 200 OK (37ms)
[wrangler:info] GET /_app/immutable/chunks/wBW6sG21.js 200 OK (38ms)
[wrangler:info] GET /_app/immutable/chunks/C0Zwh2Y8.js 200 OK (10ms)
[wrangler:info] GET /_app/immutable/chunks/F_NH8PI1.js 200 OK (16ms)
[wrangler:info] GET /_app/immutable/chunks/BDyJuk3c.js 200 OK (16ms)
[wrangler:info] GET /_app/immutable/chunks/DSOjNf1Z.js 200 OK (24ms)
[wrangler:info] GET /_app/immutable/chunks/CzH1JzV92.js 200 OK (24ms)
[wrangler:info] GET /_app/immutable/nodes/6.BKHDtmft.js 200 OK (26ms)
[wrangler:info] GET /_app/immutable/chunks/cg8-EWCN.js 200 OK (25ms)
[wrangler:info] GET /_app/immutable/chunks/Cbl5uBwd.js 200 OK (25ms)
[wrangler:info] GET /_app/immutable/chunks/CQiZA-um2.js 200 OK (25ms)
[wrangler:info] GET /_app/immutable/chunks/BOLVHNwq.js 200 OK (11ms)
[wrangler:info] GET /_app/immutable/chunks/B1a3q1qT.js 200 OK (14ms)
[wrangler:info] GET /_app/immutable/chunks/DhWj3j3-.js 200 OK (30ms)
[wrangler:info] GET /_app/immutable/assets/source-sans-3-latin-400-normal.DQi5PRDE.woff2 200 OK (19ms)
[wrangler:info] GET /_app/immutable/chunks/C7Kn8w4D.js 200 OK (31ms)
[wrangler:info] GET /_app/immutable/chunks/KdknCOhV.js 200 OK (32ms)
[wrangler:info] GET /_app/immutable/chunks/CNP-ZL6_.js 200 OK (33ms)
[wrangler:info] GET /_app/immutable/assets/source-code-pro-latin-400-normal.DEXWLoHG.woff2 200 OK (33ms)
[wrangler:info] GET /_app/immutable/assets/source-code-pro-latin-500-normal.DrRT_DWv.woff2 200 OK (33ms)
[wrangler:info] GET /_app/immutable/assets/source-sans-3-latin-900-normal.BkQ9IsEo.woff2 200 OK (34ms)
[wrangler:info] GET /_app/immutable/assets/source-sans-3-latin-700-normal.CkzU-mV9.woff2 200 OK (34ms)
[wrangler:info] GET /_app/immutable/assets/source-sans-3-latin-600-normal.DeckBYAU.woff2 200 OK (34ms)
[wrangler:info] GET /_app/immutable/assets/source-code-pro-latin-700-normal.DKwZGtZT.woff2 200 OK (35ms)
[wrangler:info] GET /_app/immutable/assets/source-code-pro-latin-600-normal.DVVSlvOB.woff2 200 OK (4ms)
[wrangler:info] GET /service-worker.js 200 OK (8ms)
[wrangler:info] GET /_app/immutable/nodes/1.Co_hjKvZ.js 200 OK (12ms)
[wrangler:info] GET /_app/immutable/assets/source-sans-3-latin-400-normal.AFMiCETP.woff 200 OK (8ms)
[wrangler:info] GET /_app/immutable/assets/source-sans-3-latin-400-italic.bFKvakRX.woff2 200 OK (16ms)
[wrangler:info] GET /_app/immutable/assets/source-sans-3-latin-400-italic.BbFJQg2j.woff 200 OK (13ms)
[wrangler:info] GET /_app/immutable/assets/source-sans-3-latin-600-normal.BvDVuF-j.woff 200 OK (6ms)
[wrangler:info] GET /_app/immutable/assets/source-sans-3-latin-700-normal.BBbVrHF_.woff 200 OK (9ms)
[wrangler:info] GET /_app/immutable/assets/source-sans-3-latin-900-normal.DFrlov4n.woff 200 OK (13ms)
[wrangler:info] GET /_app/immutable/assets/source-code-pro-latin-500-normal.FgltuOLy.woff 200 OK (11ms)
[wrangler:info] GET /_app/immutable/assets/source-code-pro-latin-400-normal.Bf_aQirX.woff 200 OK (13ms)
[wrangler:info] GET /_app/immutable/assets/source-code-pro-latin-600-normal.B5rj6vMs.woff 200 OK (6ms)
[wrangler:info] GET /_app/immutable/assets/source-code-pro-latin-700-normal.hiRY8_bY.woff 200 OK (7ms)
[wrangler:info] GET /_app/immutable/nodes/10.DY4bbgAY.js 200 OK (7ms)
[wrangler:info] GET /_app/immutable/nodes/11.CpIdNG7y.js 200 OK (15ms)
[wrangler:info] GET /_app/immutable/nodes/12.CwOpqGkx.js 200 OK (11ms)
[wrangler:info] GET /_app/immutable/nodes/13.BtDpzzf5.js 200 OK (8ms)
[wrangler:info] GET /_app/immutable/nodes/14.ZNF5J2Ps.js 200 OK (6ms)
[wrangler:info] GET /_app/immutable/nodes/15.CNm9CabD.js 200 OK (12ms)
[wrangler:info] GET /_app/immutable/assets/15.CIctkzNy.css 200 OK (13ms)
[wrangler:info] GET /_app/immutable/nodes/16.CG55yjfi.js 200 OK (9ms)
[wrangler:info] GET /_app/immutable/assets/16.Hi9awL6k.css 200 OK (9ms)
[wrangler:info] GET /_app/immutable/nodes/17.e944lS9n.js 200 OK (19ms)
[wrangler:info] GET /_app/immutable/assets/17.PQcGkHQD.css 200 OK (14ms)
[wrangler:info] GET /_app/immutable/nodes/18.Bny2WLCd.js 200 OK (19ms)
[wrangler:info] GET /_app/immutable/assets/18.QYCHmQR-.css 200 OK (16ms)
[wrangler:info] GET /_app/immutable/nodes/2.D4fayanl.js 200 OK (14ms)
[wrangler:info] GET /_app/immutable/assets/2.C0MrfXDn.css 200 OK (9ms)
[wrangler:info] GET /_app/immutable/nodes/3.CLwMYU0q.js 200 OK (10ms)
[wrangler:info] GET /_app/immutable/nodes/4.CXw3HKNo.js 200 OK (13ms)
[wrangler:info] GET /_app/immutable/assets/3.D5Su-SXM.css 200 OK (18ms)
[wrangler:info] GET /_app/immutable/assets/4.BcHUy7vb.css 200 OK (8ms)
[wrangler:info] GET /_app/immutable/nodes/5.1WP1EiZQ.js 200 OK (13ms)
[wrangler:info] GET /_app/immutable/assets/5.C-EHFGS4.css 200 OK (11ms)
[wrangler:info] GET /_app/immutable/nodes/7.B-YKj692.js 200 OK (9ms)
[wrangler:info] GET /_app/immutable/nodes/8.Dyjq94X7.js 200 OK (7ms)
[wrangler:info] GET /_app/immutable/nodes/9.BNSu1O-Z.js 200 OK (12ms)
[wrangler:info] GET /_app/immutable/chunks/B8olbYdD2.js 200 OK (7ms)
[wrangler:info] GET /_app/immutable/assets/DocsPage.Mcy_JAbU.css 200 OK (7ms)
[wrangler:info] GET /_app/immutable/chunks/BIg3AFWT2.js 200 OK (11ms)
[wrangler:info] GET /_app/immutable/chunks/BJVoXop4.js 200 OK (41ms)
[wrangler:info] GET /_app/immutable/chunks/BM7OKa_y2.js 200 OK (40ms)
[wrangler:info] GET /_app/immutable/chunks/Bw1McwIk.js 200 OK (9ms)
[wrangler:info] GET /_app/immutable/chunks/CQAJCmA2.js 200 OK (9ms)
[wrangler:info] GET /_app/immutable/chunks/CeyrsRc0.js 200 OK (13ms)
[wrangler:info] GET /_app/immutable/chunks/CgK8Upk9.js 200 OK (14ms)
[wrangler:info] GET /_app/immutable/chunks/ChYf571e2.js 200 OK (10ms)
[wrangler:info] GET /_app/immutable/chunks/DTpkxRK32.js 200 OK (10ms)
[wrangler:info] GET /_app/immutable/assets/binary.BigdpvjA.css 200 OK (14ms)
[wrangler:info] GET /_app/immutable/chunks/tdmlH4ec2.js 200 OK (10ms)
[wrangler:info] GET /_app/immutable/chunks/nQ95c28x2.js 200 OK (8ms)
[wrangler:info] GET /_app/immutable/chunks/DbkVm95G2.js 200 OK (24ms)
[wrangler:info] GET /_app/immutable/chunks/C_Fzcn872.js 200 OK (22ms)
[wrangler:info] GET /favicon.svg 200 OK (53ms)
[wrangler:info] GET /icon-192-maskable.png 200 OK (37ms)
[wrangler:info] GET /icon-192.png 200 OK (12ms)
[wrangler:info] GET /icon-512-maskable.png 200 OK (7ms)
[wrangler:info] GET /icon-512.png 200 OK (15ms)
[wrangler:info] GET /manifest.webmanifest 200 OK (16ms)
[wrangler:info] GET /dashboard 200 OK (60ms)
[wrangler:info] GET /_app/immutable/assets/0.UqLRiuDI.css 200 OK (7ms)
[wrangler:info] GET /_app/immutable/assets/chartTheme.D78bemo_.css 200 OK (13ms)
[wrangler:info] GET /_app/immutable/assets/6.BWfNrhe1.css 200 OK (13ms)
[wrangler:info] GET /_app/immutable/entry/start.BnKO5hQg.js 200 OK (10ms)
[wrangler:info] GET /_app/immutable/entry/app.XSmDHbtH.js 200 OK (10ms)
[wrangler:info] GET /_app/immutable/chunks/Fq2lQ-Jo.js 200 OK (16ms)
[wrangler:info] GET /_app/immutable/chunks/O9WKKDAV.js 200 OK (16ms)
[wrangler:info] GET /_app/immutable/chunks/xihTtKlq.js 200 OK (16ms)
[wrangler:info] GET /_app/immutable/nodes/0.4tCHyzYX.js 200 OK (13ms)
[wrangler:info] GET /_app/immutable/chunks/kNaey6uv.js 200 OK (20ms)
[wrangler:info] GET /_app/immutable/chunks/CyYbXO50.js 200 OK (18ms)
[wrangler:info] GET /_app/immutable/chunks/wBW6sG21.js 200 OK (17ms)
[wrangler:info] GET /_app/immutable/chunks/qR98qc_w.js 200 OK (19ms)
[wrangler:info] GET /_app/immutable/chunks/DUs9vrYW.js 200 OK (13ms)
[wrangler:info] GET /_app/immutable/chunks/C0Zwh2Y8.js 200 OK (14ms)
[wrangler:info] GET /_app/immutable/chunks/nABZqTxC.js 200 OK (15ms)
[wrangler:info] GET /_app/immutable/nodes/6.BKHDtmft.js 200 OK (15ms)
[wrangler:info] GET /_app/immutable/chunks/F_NH8PI1.js 200 OK (15ms)
[wrangler:info] GET /_app/immutable/chunks/BDyJuk3c.js 200 OK (15ms)
[wrangler:info] GET /_app/immutable/chunks/CQiZA-um2.js 200 OK (19ms)
[wrangler:info] GET /_app/immutable/chunks/CzH1JzV92.js 200 OK (24ms)
[wrangler:info] GET /_app/immutable/chunks/cg8-EWCN.js 200 OK (32ms)
[wrangler:info] GET /_app/immutable/chunks/Cbl5uBwd.js 200 OK (32ms)
[wrangler:info] GET /_app/immutable/chunks/BOLVHNwq.js 200 OK (12ms)
[wrangler:info] GET /_app/immutable/chunks/DSOjNf1Z.js 200 OK (33ms)
[wrangler:info] GET /_app/immutable/chunks/B1a3q1qT.js 200 OK (11ms)
[wrangler:info] GET /_app/immutable/chunks/DhWj3j3-.js 200 OK (23ms)
[wrangler:info] GET /_app/immutable/assets/source-sans-3-latin-400-normal.DQi5PRDE.woff2 200 OK (24ms)
[wrangler:info] GET /_app/immutable/chunks/C7Kn8w4D.js 200 OK (26ms)
[wrangler:info] GET /_app/immutable/chunks/CNP-ZL6_.js 200 OK (27ms)
[wrangler:info] GET /_app/immutable/chunks/KdknCOhV.js 200 OK (26ms)
[wrangler:info] GET /_app/immutable/assets/source-code-pro-latin-400-normal.DEXWLoHG.woff2 200 OK (7ms)
[wrangler:info] GET /_app/immutable/assets/source-code-pro-latin-700-normal.DKwZGtZT.woff2 200 OK (25ms)
[wrangler:info] GET /_app/immutable/assets/source-code-pro-latin-600-normal.DVVSlvOB.woff2 200 OK (25ms)
[wrangler:info] GET /_app/immutable/assets/source-sans-3-latin-600-normal.DeckBYAU.woff2 200 OK (27ms)
[wrangler:info] GET /_app/immutable/assets/source-sans-3-latin-900-normal.BkQ9IsEo.woff2 200 OK (27ms)
[wrangler:info] GET /_app/immutable/assets/source-sans-3-latin-700-normal.CkzU-mV9.woff2 200 OK (27ms)
[wrangler:info] GET /_app/immutable/assets/source-code-pro-latin-500-normal.DrRT_DWv.woff2 200 OK (10ms)
[wrangler:info] GET /service-worker.js 200 OK (6ms)
[wrangler:info] GET /_app/immutable/nodes/1.Co_hjKvZ.js 200 OK (4ms)
[wrangler:info] GET /_app/immutable/assets/source-sans-3-latin-400-normal.AFMiCETP.woff 200 OK (6ms)
[wrangler:info] GET /_app/immutable/assets/source-sans-3-latin-400-italic.bFKvakRX.woff2 200 OK (10ms)
[wrangler:info] GET /_app/immutable/assets/source-sans-3-latin-400-italic.BbFJQg2j.woff 200 OK (9ms)
[wrangler:info] GET /_app/immutable/assets/source-sans-3-latin-600-normal.BvDVuF-j.woff 200 OK (3ms)
[wrangler:info] GET /_app/immutable/assets/source-sans-3-latin-700-normal.BBbVrHF_.woff 200 OK (5ms)
[wrangler:info] GET /_app/immutable/assets/source-sans-3-latin-900-normal.DFrlov4n.woff 200 OK (4ms)
[wrangler:info] GET /_app/immutable/assets/source-code-pro-latin-400-normal.Bf_aQirX.woff 200 OK (8ms)
[wrangler:info] GET /_app/immutable/assets/source-code-pro-latin-500-normal.FgltuOLy.woff 200 OK (7ms)
[wrangler:info] GET /_app/immutable/assets/source-code-pro-latin-600-normal.B5rj6vMs.woff 200 OK (4ms)
[wrangler:info] GET /_app/immutable/assets/source-code-pro-latin-700-normal.hiRY8_bY.woff 200 OK (6ms)
[wrangler:info] GET /_app/immutable/nodes/10.DY4bbgAY.js 200 OK (12ms)
[wrangler:info] GET /_app/immutable/nodes/11.CpIdNG7y.js 200 OK (9ms)
[wrangler:info] GET /_app/immutable/nodes/12.CwOpqGkx.js 200 OK (6ms)
[wrangler:info] GET /_app/immutable/nodes/13.BtDpzzf5.js 200 OK (7ms)
[wrangler:info] GET /_app/immutable/nodes/14.ZNF5J2Ps.js 200 OK (8ms)
[wrangler:info] GET /_app/immutable/nodes/15.CNm9CabD.js 200 OK (11ms)
[wrangler:info] GET /_app/immutable/assets/15.CIctkzNy.css 200 OK (6ms)
[wrangler:info] GET /_app/immutable/nodes/16.CG55yjfi.js 200 OK (11ms)
[wrangler:info] GET /_app/immutable/assets/16.Hi9awL6k.css 200 OK (11ms)
[wrangler:info] GET /_app/immutable/nodes/17.e944lS9n.js 200 OK (5ms)
[wrangler:info] GET /_app/immutable/assets/17.PQcGkHQD.css 200 OK (8ms)
[wrangler:info] GET /_app/immutable/nodes/18.Bny2WLCd.js 200 OK (6ms)
[wrangler:info] GET /_app/immutable/assets/18.QYCHmQR-.css 200 OK (8ms)
[wrangler:info] GET /_app/immutable/nodes/2.D4fayanl.js 200 OK (5ms)
[wrangler:info] GET /_app/immutable/nodes/3.CLwMYU0q.js 200 OK (7ms)
[wrangler:info] GET /_app/immutable/assets/2.C0MrfXDn.css 200 OK (7ms)
[wrangler:info] GET /_app/immutable/assets/3.D5Su-SXM.css 200 OK (4ms)
[wrangler:info] GET /_app/immutable/nodes/4.CXw3HKNo.js 200 OK (6ms)
[wrangler:info] GET /_app/immutable/assets/4.BcHUy7vb.css 200 OK (11ms)
[wrangler:info] GET /_app/immutable/nodes/5.1WP1EiZQ.js 200 OK (7ms)
[wrangler:info] GET /_app/immutable/assets/5.C-EHFGS4.css 200 OK (6ms)
[wrangler:info] GET /_app/immutable/nodes/7.B-YKj692.js 200 OK (6ms)
[wrangler:info] GET /_app/immutable/nodes/8.Dyjq94X7.js 200 OK (5ms)
[wrangler:info] GET /_app/immutable/nodes/9.BNSu1O-Z.js 200 OK (10ms)
[wrangler:info] GET /_app/immutable/chunks/B8olbYdD2.js 200 OK (4ms)
[wrangler:info] GET /_app/immutable/assets/DocsPage.Mcy_JAbU.css 200 OK (5ms)
[wrangler:info] GET /_app/immutable/chunks/BIg3AFWT2.js 200 OK (5ms)
[wrangler:info] GET /_app/immutable/chunks/BJVoXop4.js 200 OK (26ms)
[wrangler:info] GET /_app/immutable/chunks/BM7OKa_y2.js 200 OK (26ms)
[wrangler:info] GET /_app/immutable/chunks/Bw1McwIk.js 200 OK (6ms)
[wrangler:info] GET /_app/immutable/chunks/CQAJCmA2.js 200 OK (5ms)
[wrangler:info] GET /_app/immutable/chunks/CeyrsRc0.js 200 OK (4ms)
[wrangler:info] GET /_app/immutable/chunks/CgK8Upk9.js 200 OK (11ms)
[wrangler:info] GET /_app/immutable/chunks/ChYf571e2.js 200 OK (8ms)
[wrangler:info] GET /_app/immutable/chunks/DTpkxRK32.js 200 OK (7ms)
[wrangler:info] GET /_app/immutable/assets/binary.BigdpvjA.css 200 OK (8ms)
[wrangler:info] GET /_app/immutable/chunks/tdmlH4ec2.js 200 OK (8ms)
[wrangler:info] GET /_app/immutable/chunks/nQ95c28x2.js 200 OK (10ms)
[wrangler:info] GET /_app/immutable/chunks/DbkVm95G2.js 200 OK (8ms)
[wrangler:info] GET /_app/immutable/chunks/C_Fzcn872.js 200 OK (8ms)
[wrangler:info] GET /favicon.svg 200 OK (21ms)
[wrangler:info] GET /icon-192-maskable.png 200 OK (18ms)
[wrangler:info] GET /icon-192.png 200 OK (5ms)
[wrangler:info] GET /icon-512-maskable.png 200 OK (4ms)
[wrangler:info] GET /icon-512.png 200 OK (8ms)
[wrangler:info] GET /manifest.webmanifest 200 OK (8ms)
[wrangler:info] GET /dashboard 200 OK (82ms)
[wrangler:info] GET /_app/immutable/assets/chartTheme.D78bemo_.css 200 OK (12ms)
[wrangler:info] GET /_app/immutable/assets/6.BWfNrhe1.css 200 OK (13ms)
[wrangler:info] GET /_app/immutable/assets/0.UqLRiuDI.css 200 OK (15ms)
[wrangler:info] GET /_app/immutable/entry/start.BnKO5hQg.js 200 OK (11ms)
[wrangler:info] GET /_app/immutable/chunks/O9WKKDAV.js 200 OK (10ms)
[wrangler:info] GET /_app/immutable/chunks/Fq2lQ-Jo.js 200 OK (17ms)
[wrangler:info] GET /_app/immutable/entry/app.XSmDHbtH.js 200 OK (17ms)
[wrangler:info] GET /_app/immutable/nodes/0.4tCHyzYX.js 200 OK (20ms)
[wrangler:info] GET /_app/immutable/chunks/qR98qc_w.js 200 OK (19ms)
[wrangler:info] GET /_app/immutable/chunks/kNaey6uv.js 200 OK (34ms)
[wrangler:info] GET /_app/immutable/chunks/xihTtKlq.js 200 OK (32ms)
[wrangler:info] GET /_app/immutable/chunks/CyYbXO50.js 200 OK (28ms)
[wrangler:info] GET /_app/immutable/chunks/wBW6sG21.js 200 OK (29ms)
[wrangler:info] GET /_app/immutable/chunks/nABZqTxC.js 200 OK (10ms)
[wrangler:info] GET /_app/immutable/chunks/C0Zwh2Y8.js 200 OK (18ms)
[wrangler:info] GET /_app/immutable/chunks/F_NH8PI1.js 200 OK (17ms)
[wrangler:info] GET /_app/immutable/chunks/DUs9vrYW.js 200 OK (19ms)
[wrangler:info] GET /_app/immutable/chunks/DSOjNf1Z.js 200 OK (15ms)
[wrangler:info] GET /_app/immutable/chunks/Cbl5uBwd.js 200 OK (19ms)
[wrangler:info] GET /_app/immutable/chunks/BDyJuk3c.js 200 OK (29ms)
[wrangler:info] GET /_app/immutable/nodes/6.BKHDtmft.js 200 OK (30ms)
[wrangler:info] GET /_app/immutable/chunks/cg8-EWCN.js 200 OK (29ms)
[wrangler:info] GET /_app/immutable/chunks/CzH1JzV92.js 200 OK (19ms)
[wrangler:info] GET /_app/immutable/chunks/CQiZA-um2.js 200 OK (9ms)
[wrangler:info] GET /_app/immutable/chunks/KdknCOhV.js 200 OK (21ms)
[wrangler:info] GET /_app/immutable/chunks/CNP-ZL6_.js 200 OK (21ms)
[wrangler:info] GET /_app/immutable/chunks/BOLVHNwq.js 200 OK (23ms)
[wrangler:info] GET /_app/immutable/chunks/B1a3q1qT.js 200 OK (22ms)
[wrangler:info] GET /_app/immutable/chunks/C7Kn8w4D.js 200 OK (23ms)
[wrangler:info] GET /_app/immutable/chunks/DhWj3j3-.js 200 OK (20ms)
[wrangler:info] GET /_app/immutable/assets/source-sans-3-latin-400-normal.DQi5PRDE.woff2 200 OK (7ms)
[wrangler:info] GET /_app/immutable/assets/source-code-pro-latin-400-normal.DEXWLoHG.woff2 200 OK (9ms)
[wrangler:info] GET /_app/immutable/assets/source-sans-3-latin-600-normal.DeckBYAU.woff2 200 OK (19ms)
[wrangler:info] GET /_app/immutable/assets/source-sans-3-latin-900-normal.BkQ9IsEo.woff2 200 OK (20ms)
[wrangler:info] GET /_app/immutable/assets/source-code-pro-latin-600-normal.DVVSlvOB.woff2 200 OK (29ms)
[wrangler:info] GET /_app/immutable/assets/source-code-pro-latin-500-normal.DrRT_DWv.woff2 200 OK (18ms)
[wrangler:info] GET /_app/immutable/assets/source-sans-3-latin-700-normal.CkzU-mV9.woff2 200 OK (30ms)
[wrangler:info] GET /_app/immutable/assets/source-code-pro-latin-700-normal.DKwZGtZT.woff2 200 OK (31ms)
[wrangler:info] GET /service-worker.js 200 OK (8ms)
[wrangler:info] GET /_app/immutable/nodes/1.Co_hjKvZ.js 200 OK (11ms)
[wrangler:info] GET /_app/immutable/assets/source-sans-3-latin-400-italic.bFKvakRX.woff2 200 OK (18ms)
[wrangler:info] GET /_app/immutable/assets/source-sans-3-latin-400-italic.BbFJQg2j.woff 200 OK (18ms)
[wrangler:info] GET /_app/immutable/assets/source-sans-3-latin-400-normal.AFMiCETP.woff 200 OK (22ms)
[wrangler:info] GET /_app/immutable/assets/source-sans-3-latin-600-normal.BvDVuF-j.woff 200 OK (5ms)
[wrangler:info] GET /_app/immutable/assets/source-sans-3-latin-700-normal.BBbVrHF_.woff 200 OK (5ms)
[wrangler:info] GET /_app/immutable/assets/source-sans-3-latin-900-normal.DFrlov4n.woff 200 OK (7ms)
[wrangler:info] GET /_app/immutable/assets/source-code-pro-latin-400-normal.Bf_aQirX.woff 200 OK (10ms)
[wrangler:info] GET /_app/immutable/assets/source-code-pro-latin-500-normal.FgltuOLy.woff 200 OK (7ms)
[wrangler:info] GET /_app/immutable/assets/source-code-pro-latin-600-normal.B5rj6vMs.woff 200 OK (8ms)
[wrangler:info] GET /_app/immutable/assets/source-code-pro-latin-700-normal.hiRY8_bY.woff 200 OK (11ms)
[wrangler:info] GET /_app/immutable/nodes/10.DY4bbgAY.js 200 OK (7ms)
[wrangler:info] GET /_app/immutable/nodes/11.CpIdNG7y.js 200 OK (5ms)
[wrangler:info] GET /_app/immutable/nodes/12.CwOpqGkx.js 200 OK (7ms)
[wrangler:info] GET /_app/immutable/nodes/13.BtDpzzf5.js 200 OK (13ms)
[wrangler:info] GET /_app/immutable/nodes/14.ZNF5J2Ps.js 200 OK (13ms)
[wrangler:info] GET /_app/immutable/nodes/15.CNm9CabD.js 200 OK (13ms)
[wrangler:info] GET /_app/immutable/assets/15.CIctkzNy.css 200 OK (12ms)
[wrangler:info] GET /_app/immutable/nodes/16.CG55yjfi.js 200 OK (8ms)
[wrangler:info] GET /_app/immutable/assets/16.Hi9awL6k.css 200 OK (5ms)
[wrangler:info] GET /_app/immutable/assets/17.PQcGkHQD.css 200 OK (19ms)
[wrangler:info] GET /_app/immutable/nodes/18.Bny2WLCd.js 200 OK (18ms)
[wrangler:info] GET /_app/immutable/nodes/17.e944lS9n.js 200 OK (21ms)
[wrangler:info] GET /_app/immutable/assets/18.QYCHmQR-.css 200 OK (5ms)
[wrangler:info] GET /_app/immutable/nodes/2.D4fayanl.js 200 OK (11ms)
[wrangler:info] GET /_app/immutable/assets/2.C0MrfXDn.css 200 OK (8ms)
[wrangler:info] GET /_app/immutable/nodes/3.CLwMYU0q.js 200 OK (6ms)
[wrangler:info] GET /_app/immutable/assets/3.D5Su-SXM.css 200 OK (6ms)
[wrangler:info] GET /_app/immutable/assets/4.BcHUy7vb.css 200 OK (8ms)
[wrangler:info] GET /_app/immutable/nodes/4.CXw3HKNo.js 200 OK (9ms)
[wrangler:info] GET /_app/immutable/nodes/5.1WP1EiZQ.js 200 OK (4ms)
[wrangler:info] GET /_app/immutable/assets/5.C-EHFGS4.css 200 OK (4ms)
[wrangler:info] GET /_app/immutable/nodes/7.B-YKj692.js 200 OK (5ms)
[wrangler:info] GET /_app/immutable/nodes/8.Dyjq94X7.js 200 OK (11ms)
[wrangler:info] GET /_app/immutable/nodes/9.BNSu1O-Z.js 200 OK (10ms)
[wrangler:info] GET /_app/immutable/chunks/B8olbYdD2.js 200 OK (6ms)
[wrangler:info] GET /_app/immutable/assets/DocsPage.Mcy_JAbU.css 200 OK (7ms)
[wrangler:info] GET /_app/immutable/chunks/BIg3AFWT2.js 200 OK (12ms)
[wrangler:info] GET /_app/immutable/chunks/BJVoXop4.js 200 OK (8ms)
[wrangler:info] GET /_app/immutable/chunks/BM7OKa_y2.js 200 OK (34ms)
[wrangler:info] GET /_app/immutable/chunks/Bw1McwIk.js 200 OK (22ms)
[wrangler:info] GET /_app/immutable/chunks/CQAJCmA2.js 200 OK (9ms)
[wrangler:info] GET /_app/immutable/chunks/CeyrsRc0.js 200 OK (7ms)
[wrangler:info] GET /_app/immutable/chunks/CgK8Upk9.js 200 OK (6ms)
[wrangler:info] GET /_app/immutable/chunks/ChYf571e2.js 200 OK (4ms)
[wrangler:info] GET /_app/immutable/chunks/DTpkxRK32.js 200 OK (8ms)
[wrangler:info] GET /_app/immutable/assets/binary.BigdpvjA.css 200 OK (10ms)
[wrangler:info] GET /_app/immutable/chunks/tdmlH4ec2.js 200 OK (10ms)
[wrangler:info] GET /_app/immutable/chunks/nQ95c28x2.js 200 OK (6ms)
[wrangler:info] GET /_app/immutable/chunks/DbkVm95G2.js 200 OK (8ms)
[wrangler:info] GET /_app/immutable/chunks/C_Fzcn872.js 200 OK (5ms)
[wrangler:info] GET /favicon.svg 200 OK (27ms)
[wrangler:info] GET /icon-192-maskable.png 200 OK (22ms)
[wrangler:info] GET /icon-192.png 200 OK (8ms)
[wrangler:info] GET /icon-512-maskable.png 200 OK (5ms)
[wrangler:info] GET /manifest.webmanifest 200 OK (10ms)
[wrangler:info] GET /icon-512.png 200 OK (10ms)
